# JRE version: OpenJDK Runtime Environment Temurin-17.0.9+9 (17.0.9+9) (build 17.0.9+9)
# Java VM: OpenJDK 64-Bit Server VM Temurin-17.0.9+9 (17.0.9+9, mixed mode, tiered, compressed oops, compressed class ptrs, g1 gc, windows-amd64)
GC Precious Log:
 CPUs: 8 total, 8 available
 Memory: 8060M
 Large Page Support: Disabled
 NUMA Support: Disabled
 Compressed Oops: Enabled (32-bit)
 Heap Region Size: 1M
 Heap Min Capacity: 8M
 Heap Initial Capacity: 126M
 Heap Max Capacity: 2016M
 Pre-touch: Disabled
 Parallel Workers: 8
 Concurrent Workers: 2
 Concurrent Refinement Workers: 8
 Periodic GC: Disabled
Heap:
 garbage-first heap   total 92160K, used 52163K [0x0000000082000000, 0x0000000100000000)
  region size 1024K, 11 young (11264K), 2 survivors (2048K)
 Metaspace       used 69589K, committed 70912K, reserved 1114112K
  class space    used 8563K, committed 8960K, reserved 1048576K
GC Heap History (20 events):
Event: 158.659 GC heap before
{Heap before GC invocations=44 (full 2):
 garbage-first heap   total 92160K, used 47206K [0x0000000082000000, 0x0000000100000000)
  region size 1024K, 14 young (14336K), 2 survivors (2048K)
 Metaspace       used 69540K, committed 70080K, reserved 1114112K
  class space    used 8634K, committed 8896K, reserved 1048576K
}
Event: 158.706 GC heap after
{Heap after GC invocations=45 (full 3):
 garbage-first heap   total 92160K, used 32919K [0x0000000082000000, 0x0000000100000000)
  region size 1024K, 0 young (0K), 0 survivors (0K)
 Metaspace       used 69540K, committed 70080K, reserved 1114112K
  class space    used 8634K, committed 8896K, reserved 1048576K
}
Event: 159.188 GC heap before
{Heap before GC invocations=45 (full 3):
 garbage-first heap   total 92160K, used 72855K [0x0000000082000000, 0x0000000100000000)
  region size 1024K, 39 young (39936K), 0 survivors (0K)
 Metaspace       used 69633K, committed 70208K, reserved 1114112K
  class space    used 8640K, committed 8896K, reserved 1048576K
}
Event: 159.192 GC heap after
{Heap after GC invocations=46 (full 3):
 garbage-first heap   total 92160K, used 36346K [0x0000000082000000, 0x0000000100000000)
  region size 1024K, 4 young (4096K), 4 survivors (4096K)
 Metaspace       used 69633K, committed 70208K, reserved 1114112K
  class space    used 8640K, committed 8896K, reserved 1048576K
}
Event: 159.504 GC heap before
{Heap before GC invocations=46 (full 3):
 garbage-first heap   total 92160K, used 71162K [0x0000000082000000, 0x0000000100000000)
  region size 1024K, 39 young (39936K), 4 survivors (4096K)
 Metaspace       used 69713K, committed 70272K, reserved 1114112K
  class space    used 8643K, committed 8896K, reserved 1048576K
}
Event: 159.509 GC heap after
{Heap after GC invocations=47 (full 3):
 garbage-first heap   total 92160K, used 38285K [0x0000000082000000, 0x0000000100000000)
  region size 1024K, 3 young (3072K), 3 survivors (3072K)
 Metaspace       used 69713K, committed 70272K, reserved 1114112K
  class space    used 8643K, committed 8896K, reserved 1048576K
}
Event: 159.760 GC heap before
{Heap before GC invocations=47 (full 3):
 garbage-first heap   total 92160K, used 72077K [0x0000000082000000, 0x0000000100000000)
  region size 1024K, 36 young (36864K), 3 survivors (3072K)
 Metaspace       used 69745K, committed 70336K, reserved 1114112K
  class space    used 8644K, committed 8896K, reserved 1048576K
}
Event: 159.763 GC heap after
{Heap after GC invocations=48 (full 3):
 garbage-first heap   total 92160K, used 39317K [0x0000000082000000, 0x0000000100000000)
  region size 1024K, 4 young (4096K), 4 survivors (4096K)
 Metaspace       used 69745K, committed 70336K, reserved 1114112K
  class space    used 8644K, committed 8896K, reserved 1048576K
}
Event: 172.595 GC heap before
{Heap before GC invocations=48 (full 3):
 garbage-first heap   total 92160K, used 59797K [0x0000000082000000, 0x0000000100000000)
  region size 1024K, 25 young (25600K), 4 survivors (4096K)
 Metaspace       used 69895K, committed 70464K, reserved 1114112K
  class space    used 8649K, committed 8896K, reserved 1048576K
}
Event: 172.637 GC heap after
{Heap after GC invocations=49 (full 4):
 garbage-first heap   total 92160K, used 36874K [0x0000000082000000, 0x0000000100000000)
  region size 1024K, 0 young (0K), 0 survivors (0K)
 Metaspace       used 69895K, committed 70464K, reserved 1114112K
  class space    used 8649K, committed 8896K, reserved 1048576K
}
Event: 173.100 GC heap before
{Heap before GC invocations=49 (full 4):
 garbage-first heap   total 92160K, used 72714K [0x0000000082000000, 0x0000000100000000)
  region size 1024K, 35 young (35840K), 0 survivors (0K)
 Metaspace       used 69949K, committed 70592K, reserved 1114112K
  class space    used 8650K, committed 8960K, reserved 1048576K
}
Event: 173.103 GC heap after
{Heap after GC invocations=50 (full 4):
 garbage-first heap   total 92160K, used 39922K [0x0000000082000000, 0x0000000100000000)
  region size 1024K, 3 young (3072K), 3 survivors (3072K)
 Metaspace       used 69949K, committed 70592K, reserved 1114112K
  class space    used 8650K, committed 8960K, reserved 1048576K
}
Event: 173.452 GC heap before
{Heap before GC invocations=50 (full 4):
 garbage-first heap   total 92160K, used 72690K [0x0000000082000000, 0x0000000100000000)
  region size 1024K, 36 young (36864K), 3 survivors (3072K)
 Metaspace       used 70024K, committed 70656K, reserved 1114112K
  class space    used 8653K, committed 8960K, reserved 1048576K
}
Event: 173.456 GC heap after
{Heap after GC invocations=51 (full 4):
 garbage-first heap   total 92160K, used 41941K [0x0000000082000000, 0x0000000100000000)
  region size 1024K, 3 young (3072K), 3 survivors (3072K)
 Metaspace       used 70024K, committed 70656K, reserved 1114112K
  class space    used 8653K, committed 8960K, reserved 1048576K
}
Event: 173.686 GC heap before
{Heap before GC invocations=51 (full 4):
 garbage-first heap   total 92160K, used 72661K [0x0000000082000000, 0x0000000100000000)
  region size 1024K, 33 young (33792K), 3 survivors (3072K)
 Metaspace       used 70038K, committed 70656K, reserved 1114112K
  class space    used 8653K, committed 8960K, reserved 1048576K
}
Event: 173.689 GC heap after
{Heap after GC invocations=52 (full 4):
 garbage-first heap   total 92160K, used 43359K [0x0000000082000000, 0x0000000100000000)
  region size 1024K, 4 young (4096K), 4 survivors (4096K)
 Metaspace       used 70038K, committed 70656K, reserved 1114112K
  class space    used 8653K, committed 8960K, reserved 1048576K
}
Event: 255.517 GC heap before
{Heap before GC invocations=53 (full 4):
 garbage-first heap   total 92160K, used 73055K [0x0000000082000000, 0x0000000100000000)
  region size 1024K, 33 young (33792K), 4 survivors (4096K)
 Metaspace       used 70160K, committed 70784K, reserved 1114112K
  class space    used 8658K, committed 8960K, reserved 1048576K
}
Event: 255.523 GC heap after
{Heap after GC invocations=54 (full 4):
 garbage-first heap   total 92160K, used 43963K [0x0000000082000000, 0x0000000100000000)
  region size 1024K, 3 young (3072K), 3 survivors (3072K)
 Metaspace       used 70160K, committed 70784K, reserved 1114112K
  class space    used 8658K, committed 8960K, reserved 1048576K
}
Event: 3676.006 GC heap before
{Heap before GC invocations=54 (full 4):
 garbage-first heap   total 92160K, used 73659K [0x0000000082000000, 0x0000000100000000)
  region size 1024K, 32 young (32768K), 3 survivors (3072K)
 Metaspace       used 70232K, committed 70912K, reserved 1114112K
  class space    used 8658K, committed 8960K, reserved 1048576K
}
Event: 3676.245 GC heap after
{Heap after GC invocations=55 (full 4):
 garbage-first heap   total 92160K, used 44118K [0x0000000082000000, 0x0000000100000000)
  region size 1024K, 2 young (2048K), 2 survivors (2048K)
 Metaspace       used 70232K, committed 70912K, reserved 1114112K
  class space    used 8658K, committed 8960K, reserved 1048576K
}

